<?xml version="1.0" encoding="UTF-8" standalone="no"?><testsuite errors="0" failures="1" name="Flujo completo de compra en SauceDemo" skipped="0" tests="3" time="7.1" timestamp="2025-11-22 09:47:20"><testcase name="Compra exitosa de dos productos"/><testcase name="Intentar hacer checkout sin agregar productos"><failure message="El carrito está vacío y no debería permitir hacer checkout." type="co.edu.udea.certificacion.petStore.exceptions.CartEmptyException">El carrito está vacío y no debería permitir hacer checkout.</failure><system-err>El carrito está vacío y no debería permitir hacer checkout.
co.edu.udea.certificacion.petStore.stepdefinitions.PurchaseStepDefinition.verifyEmptyCartError(PurchaseStepDefinition.java:85)
✽.el usuario debería ver un error indicando que no hay productos en el carrito(file:///Users/jrestrepogal/Downloads/AutomatizacionMJ/src/test/resources/features/checkout_saucedemo.feature:23)
</system-err></testcase><testcase name="Comprar un producto desde la página de detalles"/></testsuite>