<?xml version="1.0" encoding="UTF-8" standalone="no"?><testsuite errors="0" failures="1" name="Gestión de promociones en Fluffy Deals Hub" skipped="0" tests="2" time="7.93" timestamp="2025-11-23 08:07:06"><testcase name="Login exitoso con credenciales válidas"/><testcase name="Crear una promoción válida"><failure message="Expected condition failed: waiting for By.id: //button[contains(.,'Seleccionar categoría')] to be present (tried for 5 second(s) with 100 milliseconds interval)&#10;Build info: version: '4.16.1', revision: '9b4c83354e'&#10;System info: os.name: 'Windows 11', os.arch: 'amd64', os.version: '10.0', java.version: '17.0.11'&#10;Driver info: driver.version: unknown" type="net.thucydides.core.webdriver.exceptions.ElementShouldBePresentException">Expected condition failed: waiting for By.id: //button[contains(.,'Seleccionar categoría')] to be present (tried for 5 second(s) with 100 milliseconds interval)
Build info: version: '4.16.1', revision: '9b4c83354e'
System info: os.name: 'Windows 11', os.arch: 'amd64', os.version: '10.0', java.version: '17.0.11'
Driver info: driver.version: unknown</failure><system-err>Expected condition failed: waiting for By.id: //button[contains(.,'Seleccionar categoría')] to be present (tried for 5 second(s) with 100 milliseconds interval)
Build info: version: '4.16.1', revision: '9b4c83354e'
System info: os.name: 'Windows 11', os.arch: 'amd64', os.version: '10.0', java.version: '17.0.11'
Driver info: driver.version: unknown&#13;
co.edu.udea.certificacion.petStore.tasks.CreatePromotion.performAs(CreatePromotion.java:38)&#13;
co.edu.udea.certificacion.petStore.stepdefinitions.FluffyLoginStepDefinition.createValidPromotion(FluffyLoginStepDefinition.java:55)&#13;
worker.org.gradle.process.internal.worker.GradleWorkerMain.run(GradleWorkerMain.java:69)&#13;
worker.org.gradle.process.internal.worker.GradleWorkerMain.main(GradleWorkerMain.java:74)&#13;
</system-err></testcase></testsuite>